<?xml version="1.0" encoding="UTF-8"?>
<!-- Generated by org.testng.reporters.JUnitXMLReporter -->
<testsuite hostname="lalitha" ignored="3" tests="0" failures="0" timestamp="2020-04-24T16:20:08 IST" time="0.001" errors="0">
  <testcase name="Test3Method3" time="0.0" classname="Automation.Test3">
    <ignored/>
  </testcase> <!-- Test3Method3 -->
  <testcase name="Test3Method2" time="0.0" classname="Automation.Test3">
    <ignored/>
  </testcase> <!-- Test3Method2 -->
  <testcase name="Test3Method1" time="0.0" classname="Automation.Test3">
    <ignored/>
  </testcase> <!-- Test3Method1 -->
</testsuite>
