<?xml version="1.0" encoding="UTF-8"?>
<!-- Generated by org.testng.reporters.JUnitXMLReporter -->
<testsuite hostname="lalitha" ignored="3" name="Test" tests="6" failures="0" timestamp="2020-04-24T16:21:46 IST" time="0.464" errors="0">
  <testcase name="Test1Method1" time="0.004" classname="Automation.Test1"/>
  <testcase name="Test1Method2" time="0.001" classname="Automation.Test1"/>
  <testcase name="Test1Method3" time="0.001" classname="Automation.Test1"/>
  <testcase name="Test3Method1" time="0.002" classname="Automation.Test3"/>
  <testcase name="Test3Method2" time="0.001" classname="Automation.Test3"/>
  <testcase name="Test3Method3" time="0.001" classname="Automation.Test3"/>
  <testcase name="Test2Method3" time="0.0" classname="Automation.Test2">
    <ignored/>
  </testcase> <!-- Test2Method3 -->
  <testcase name="Test2Method1" time="0.0" classname="Automation.Test2">
    <ignored/>
  </testcase> <!-- Test2Method1 -->
  <testcase name="Test2Method2" time="0.0" classname="Automation.Test2">
    <ignored/>
  </testcase> <!-- Test2Method2 -->
</testsuite> <!-- Test -->
