<?xml version="1.0" encoding="UTF-8"?>
<!-- Generated by org.testng.reporters.JUnitXMLReporter -->
<testsuite ignored="0" hostname="lalitha" failures="0" tests="6" name="Testing TestNG with maven 1" time="0.147" errors="0" timestamp="2020-04-19T22:24:00 IST">
  <testcase classname="Automation.Test1" name="Test1Method1" time="0.012"/>
  <testcase classname="Automation.Test1" name="Test1Method2" time="0.005"/>
  <testcase classname="Automation.Test1" name="Test1Method3" time="0.004"/>
  <testcase classname="Automation.Test2" name="Test2Method1" time="0.003"/>
  <testcase classname="Automation.Test2" name="Test2Method2" time="0.003"/>
  <testcase classname="Automation.Test2" name="Test2Method3" time="0.005"/>
</testsuite> <!-- Testing TestNG with maven 1 -->
