<?xml version="1.0" encoding="UTF-8"?>
<!-- Generated by org.testng.reporters.JUnitXMLReporter -->
<testsuite ignored="3" hostname="lalitha" failures="0" tests="0" time="0.004" errors="0" timestamp="2020-04-19T22:24:02 IST">
  <testcase classname="Automation.Test3" name="Test3Method3" time="0.0">
    <ignored/>
  </testcase> <!-- Test3Method3 -->
  <testcase classname="Automation.Test3" name="Test3Method2" time="0.0">
    <ignored/>
  </testcase> <!-- Test3Method2 -->
  <testcase classname="Automation.Test3" name="Test3Method1" time="0.0">
    <ignored/>
  </testcase> <!-- Test3Method1 -->
</testsuite>
