<?xml version="1.0" encoding="UTF-8"?>
<!-- Generated by org.testng.reporters.JUnitXMLReporter -->
<testsuite ignored="3" hostname="lalitha" failures="0" tests="6" name="Test" time="0.089" errors="0" timestamp="2020-04-19T23:04:12 IST">
  <testcase classname="Automation.Test1" name="Test1Method1" time="0.01"/>
  <testcase classname="Automation.Test1" name="Test1Method2" time="0.002"/>
  <testcase classname="Automation.Test1" name="Test1Method3" time="0.002"/>
  <testcase classname="Automation.Test3" name="Test3Method1" time="0.003"/>
  <testcase classname="Automation.Test3" name="Test3Method2" time="0.001"/>
  <testcase classname="Automation.Test3" name="Test3Method3" time="0.002"/>
  <testcase classname="Automation.Test2" name="Test2Method3" time="0.0">
    <ignored/>
  </testcase> <!-- Test2Method3 -->
  <testcase classname="Automation.Test2" name="Test2Method1" time="0.0">
    <ignored/>
  </testcase> <!-- Test2Method1 -->
  <testcase classname="Automation.Test2" name="Test2Method2" time="0.0">
    <ignored/>
  </testcase> <!-- Test2Method2 -->
</testsuite> <!-- Test -->
