<?xml version="1.0" encoding="UTF-8"?>
<!-- Generated by org.testng.reporters.JUnitXMLReporter -->
<testsuite hostname="lalitha" ignored="0" name="Surefire test" tests="6" failures="0" timestamp="2020-04-24T16:19:22 IST" time="0.37" errors="0">
  <testcase name="Test1Method1" time="0.037" classname="Automation.Test1"/>
  <testcase name="Test1Method2" time="0.0" classname="Automation.Test1"/>
  <testcase name="Test1Method3" time="0.001" classname="Automation.Test1"/>
  <testcase name="Test2Method1" time="0.001" classname="Automation.Test2"/>
  <testcase name="Test2Method2" time="0.001" classname="Automation.Test2"/>
  <testcase name="Test2Method3" time="0.001" classname="Automation.Test2"/>
</testsuite> <!-- Surefire test -->
