<?xml version="1.0" encoding="UTF-8"?>
<testsuite xmlns:xsi="http://www.w3.org/2001/XMLSchema-instance" xsi:noNamespaceSchemaLocation="https://maven.apache.org/surefire/maven-surefire-plugin/xsd/surefire-test-report-3.0.xsd" version="3.0" name="TestSuite" time="19.844" tests="6" errors="0" skipped="0" failures="0">
  <properties>
[...]
</properties>
  <testcase name="Test1Method1" classname="Automation.Test1" time="0.018"/>
  <testcase name="Test1Method2" classname="Automation.Test1" time="0.003"/>
  <testcase name="Test1Method3" classname="Automation.Test1" time="0.002"/>
  <testcase name="Test3Method1" classname="Automation.Test3" time="0.003"/>
  <testcase name="Test3Method2" classname="Automation.Test3" time="0.004"/>
  <testcase name="Test3Method3" classname="Automation.Test3" time="0.002"/>
</testsuite>