<?xml version="1.0" encoding="UTF-8"?>
<testng-results skipped="0" failed="0" ignored="3" total="9" passed="6">
  <reporter-output>
  </reporter-output>
  <suite name="Suite" duration-ms="464" started-at="2020-04-24T16:21:43 IST" finished-at="2020-04-24T16:21:43 IST">
    <groups>
    </groups>
    <test name="Test" duration-ms="464" started-at="2020-04-24T16:21:43 IST" finished-at="2020-04-24T16:21:43 IST">
      <class name="Automation.Test3">
        <test-method status="PASS" signature="BeforeTestSuite()[pri:0, instance:Automation.Test3@7d0587f1]" name="BeforeTestSuite" is-config="true" duration-ms="167" started-at="2020-04-24T16:21:42 IST" finished-at="2020-04-24T16:21:43 IST">
          <reporter-output>
          </reporter-output>
        </test-method> <!-- BeforeTestSuite -->
        <test-method status="PASS" signature="Test3Method1()[pri:0, instance:Automation.Test3@7d0587f1]" name="Test3Method1" duration-ms="2" started-at="2020-04-24T16:21:43 IST" finished-at="2020-04-24T16:21:43 IST">
          <reporter-output>
          </reporter-output>
        </test-method> <!-- Test3Method1 -->
        <test-method status="PASS" signature="Test3Method2()[pri:0, instance:Automation.Test3@7d0587f1]" name="Test3Method2" duration-ms="1" started-at="2020-04-24T16:21:43 IST" finished-at="2020-04-24T16:21:43 IST">
          <reporter-output>
          </reporter-output>
        </test-method> <!-- Test3Method2 -->
        <test-method status="PASS" signature="Test3Method3()[pri:0, instance:Automation.Test3@7d0587f1]" name="Test3Method3" duration-ms="1" started-at="2020-04-24T16:21:43 IST" finished-at="2020-04-24T16:21:43 IST">
          <reporter-output>
          </reporter-output>
        </test-method> <!-- Test3Method3 -->
        <test-method status="PASS" signature="AfterTestSuite()[pri:0, instance:Automation.Test3@7d0587f1]" name="AfterTestSuite" is-config="true" duration-ms="2" started-at="2020-04-24T16:21:47 IST" finished-at="2020-04-24T16:21:47 IST">
          <reporter-output>
          </reporter-output>
        </test-method> <!-- AfterTestSuite -->
      </class> <!-- Automation.Test3 -->
      <class name="Automation.Test1">
        <test-method status="PASS" signature="Test1Method1()[pri:0, instance:Automation.Test1@5d76b067]" name="Test1Method1" duration-ms="4" started-at="2020-04-24T16:21:43 IST" finished-at="2020-04-24T16:21:43 IST">
          <reporter-output>
          </reporter-output>
        </test-method> <!-- Test1Method1 -->
        <test-method status="PASS" signature="Test1Method2()[pri:0, instance:Automation.Test1@5d76b067]" name="Test1Method2" duration-ms="1" started-at="2020-04-24T16:21:43 IST" finished-at="2020-04-24T16:21:43 IST">
          <reporter-output>
          </reporter-output>
        </test-method> <!-- Test1Method2 -->
        <test-method status="PASS" signature="Test1Method3()[pri:0, instance:Automation.Test1@5d76b067]" name="Test1Method3" duration-ms="1" started-at="2020-04-24T16:21:43 IST" finished-at="2020-04-24T16:21:43 IST">
          <reporter-output>
          </reporter-output>
        </test-method> <!-- Test1Method3 -->
      </class> <!-- Automation.Test1 -->
    </test> <!-- Test -->
  </suite> <!-- Suite -->
</testng-results>
